<coverage line-rate="0.96">
  <packages>
    <package name="fr.simply" line-rate="0.96">
      <classes>
        <class filename="src/main/scala/fr/simply/StubServer.scala" name="DynamicServerResponse" line-rate="1">
          <methods></methods>
          <lines>
            <line number="15" hits="1"></line>
          </lines>
        </class>
        <class filename="src/main/scala/fr/simply/StubServer.scala" name="GET" line-rate="1">
          <methods></methods>
          <lines>
            <line number="19" hits="1"></line>
          </lines>
        </class>
        <class filename="src/main/scala/fr/simply/RestVerb.scala" name="Get" line-rate="0">
          <methods></methods>
          <lines> </lines>
        </class>
        <class filename="src/main/scala/fr/simply/StubServer.scala" name="POST" line-rate="1">
          <methods></methods>
          <lines>
            <line number="24" hits="1"></line>
          </lines>
        </class>
        <class filename="src/main/scala/fr/simply/RestVerb.scala" name="Post" line-rate="0">
          <methods></methods>
          <lines> </lines>
        </class>
        <class filename="src/main/scala/fr/simply/RestVerb.scala" name="RestVerb" line-rate="1">
          <methods></methods>
          <lines>
            <line number="3" hits="1"></line>
            <line number="4" hits="1"></line>
          </lines>
        </class>
        <class filename="src/main/scala/fr/simply/StubServer.scala" name="ServerResponse" line-rate="0">
          <methods></methods>
          <lines> </lines>
        </class>
        <class filename="src/main/scala/fr/simply/StubServer.scala" name="ServerRoute" line-rate="1">
          <methods></methods>
          <lines>
            <line number="8" hits="1"></line>
          </lines>
        </class>
        <class filename="src/main/scala/fr/simply/SimplyScala.scala" name="SimplyScala" line-rate="0.94">
          <methods></methods>
          <lines>
            <line number="7" hits="1"></line>
            <line number="10" hits="1"></line>
            <line number="12" hits="1"></line>
            <line number="13" hits="1"></line>
            <line number="14" hits="1"></line>
            <line number="16" hits="2"></line>
            <line number="17" hits="1"></line>
            <line number="19" hits="1"></line>
            <line number="20" hits="1"></line>
            <line number="24" hits="1"></line>
            <line number="26" hits="1"></line>
            <line number="27" hits="1"></line>
            <line number="28" hits="1"></line>
            <line number="34" hits="1"></line>
            <line number="35" hits="1"></line>
            <line number="36" hits="1"></line>
            <line number="37" hits="1"></line>
            <line number="49" hits="1"></line>
            <line number="50" hits="1"></line>
            <line number="51" hits="1"></line>
            <line number="52" hits="1"></line>
            <line number="53" hits="0"></line>
            <line number="57" hits="1"></line>
            <line number="58" hits="1"></line>
            <line number="59" hits="1"></line>
            <line number="60" hits="1"></line>
            <line number="61" hits="0"></line>
            <line number="65" hits="1"></line>
            <line number="71" hits="1"></line>
            <line number="72" hits="1"></line>
            <line number="73" hits="1"></line>
            <line number="77" hits="1"></line>
            <line number="78" hits="2"></line>
            <line number="79" hits="1"></line>
            <line number="83" hits="3"></line>
          </lines>
        </class>
        <class filename="src/main/scala/fr/simply/StubServer.scala" name="StaticServerResponse" line-rate="1">
          <methods></methods>
          <lines>
            <line number="14" hits="1"></line>
          </lines>
        </class>
        <class filename="src/main/scala/fr/simply/StubServer.scala" name="StubServer" line-rate="1">
          <methods></methods>
          <lines>
            <line number="27" hits="1"></line>
            <line number="28" hits="1"></line>
            <line number="30" hits="1"></line>
            <line number="32" hits="1"></line>
            <line number="35" hits="1"></line>
            <line number="36" hits="1"></line>
            <line number="39" hits="2"></line>
            <line number="42" hits="1"></line>
            <line number="43" hits="1"></line>
            <line number="47" hits="1"></line>
            <line number="48" hits="1"></line>
            <line number="50" hits="1"></line>
            <line number="54" hits="1"></line>
            <line number="57" hits="1"></line>
            <line number="58" hits="1"></line>
            <line number="60" hits="1"></line>
            <line number="63" hits="1"></line>
          </lines>
        </class>
      </classes>
    </package>
    <package name="fr.simply.util" line-rate="1">
      <classes>
        <class filename="src/main/scala/fr/simply/util/ContentType.scala" name="ContentType" line-rate="1">
          <methods></methods>
          <lines>
            <line number="3" hits="1"></line>
            <line number="4" hits="1"></line>
          </lines>
        </class>
        <class filename="src/main/scala/fr/simply/util/ContentType.scala" name="Image_Jpeg" line-rate="0">
          <methods></methods>
          <lines> </lines>
        </class>
        <class filename="src/main/scala/fr/simply/util/ContentType.scala" name="Text_Html" line-rate="0">
          <methods></methods>
          <lines> </lines>
        </class>
        <class filename="src/main/scala/fr/simply/util/ContentType.scala" name="Text_Json" line-rate="0">
          <methods></methods>
          <lines> </lines>
        </class>
        <class filename="src/main/scala/fr/simply/util/ContentType.scala" name="Text_Plain" line-rate="0">
          <methods></methods>
          <lines> </lines>
        </class>
      </classes>
    </package>
  </packages>
</coverage>