<coverage line-rate="0.98">
  <packages>
    <package line-rate="0.98" name="fr.simply">
      <classes>
        <class line-rate="1" name="DynamicServerResponse" filename="src/main/scala/fr/simply/StubServer.scala">
          <methods/>
          <lines>
            <line number="15" hits="1"/>
          </lines>
        </class>
        <class line-rate="1" name="GET" filename="src/main/scala/fr/simply/StubServer.scala">
          <methods/>
          <lines>
            <line number="19" hits="1"/>
          </lines>
        </class>
        <class line-rate="0" name="Get" filename="src/main/scala/fr/simply/RestVerb.scala">
          <methods/>
          <lines> </lines>
        </class>
        <class line-rate="1" name="POST" filename="src/main/scala/fr/simply/StubServer.scala">
          <methods/>
          <lines>
            <line number="24" hits="1"/>
          </lines>
        </class>
        <class line-rate="0" name="Post" filename="src/main/scala/fr/simply/RestVerb.scala">
          <methods/>
          <lines> </lines>
        </class>
        <class line-rate="1" name="RestVerb" filename="src/main/scala/fr/simply/RestVerb.scala">
          <methods/>
          <lines>
            <line number="3" hits="1"/>
            <line number="4" hits="1"/>
          </lines>
        </class>
        <class line-rate="0" name="ServerResponse" filename="src/main/scala/fr/simply/StubServer.scala">
          <methods/>
          <lines> </lines>
        </class>
        <class line-rate="1" name="ServerRoute" filename="src/main/scala/fr/simply/StubServer.scala">
          <methods/>
          <lines>
            <line number="8" hits="1"/>
          </lines>
        </class>
        <class line-rate="0.97" name="SimplyScala" filename="src/main/scala/fr/simply/SimplyScala.scala">
          <methods/>
          <lines>
            <line number="7" hits="1"/>
            <line number="10" hits="1"/>
            <line number="12" hits="1"/>
            <line number="13" hits="1"/>
            <line number="14" hits="1"/>
            <line number="16" hits="2"/>
            <line number="17" hits="1"/>
            <line number="19" hits="1"/>
            <line number="20" hits="1"/>
            <line number="24" hits="1"/>
            <line number="26" hits="1"/>
            <line number="27" hits="1"/>
            <line number="28" hits="1"/>
            <line number="34" hits="1"/>
            <line number="36" hits="1"/>
            <line number="37" hits="1"/>
            <line number="38" hits="1"/>
            <line number="50" hits="1"/>
            <line number="51" hits="1"/>
            <line number="52" hits="1"/>
            <line number="53" hits="1"/>
            <line number="54" hits="1"/>
            <line number="58" hits="1"/>
            <line number="59" hits="1"/>
            <line number="60" hits="1"/>
            <line number="61" hits="1"/>
            <line number="62" hits="0"/>
            <line number="66" hits="1"/>
            <line number="72" hits="1"/>
            <line number="73" hits="1"/>
            <line number="74" hits="1"/>
            <line number="78" hits="1"/>
            <line number="79" hits="2"/>
            <line number="80" hits="1"/>
            <line number="84" hits="3"/>
          </lines>
        </class>
        <class line-rate="1" name="StaticServerResponse" filename="src/main/scala/fr/simply/StubServer.scala">
          <methods/>
          <lines>
            <line number="14" hits="1"/>
          </lines>
        </class>
        <class line-rate="1" name="StubServer" filename="src/main/scala/fr/simply/StubServer.scala">
          <methods/>
          <lines>
            <line number="27" hits="1"/>
            <line number="28" hits="1"/>
            <line number="30" hits="1"/>
            <line number="32" hits="1"/>
            <line number="35" hits="1"/>
            <line number="36" hits="1"/>
            <line number="39" hits="2"/>
            <line number="42" hits="1"/>
            <line number="43" hits="1"/>
            <line number="47" hits="1"/>
            <line number="48" hits="1"/>
            <line number="50" hits="1"/>
            <line number="54" hits="1"/>
            <line number="57" hits="1"/>
            <line number="58" hits="1"/>
            <line number="60" hits="1"/>
            <line number="63" hits="1"/>
          </lines>
        </class>
      </classes>
    </package>
    <package line-rate="1" name="fr.simply.fixture">
      <classes>
        <class line-rate="1" name="StubServerFixture" filename="src/main/scala/fr/simply/fixture/StubServerFixture.scala">
          <methods/>
          <lines>
            <line number="7" hits="1"/>
            <line number="9" hits="1"/>
            <line number="10" hits="1"/>
            <line number="11" hits="1"/>
          </lines>
        </class>
      </classes>
    </package>
    <package line-rate="1" name="fr.simply.util">
      <classes>
        <class line-rate="1" name="ContentType" filename="src/main/scala/fr/simply/util/ContentType.scala">
          <methods/>
          <lines>
            <line number="3" hits="1"/>
            <line number="4" hits="1"/>
          </lines>
        </class>
        <class line-rate="0" name="Image_Jpeg" filename="src/main/scala/fr/simply/util/ContentType.scala">
          <methods/>
          <lines> </lines>
        </class>
        <class line-rate="0" name="Text_Html" filename="src/main/scala/fr/simply/util/ContentType.scala">
          <methods/>
          <lines> </lines>
        </class>
        <class line-rate="0" name="Text_Json" filename="src/main/scala/fr/simply/util/ContentType.scala">
          <methods/>
          <lines> </lines>
        </class>
        <class line-rate="0" name="Text_Plain" filename="src/main/scala/fr/simply/util/ContentType.scala">
          <methods/>
          <lines> </lines>
        </class>
      </classes>
    </package>
  </packages>
</coverage>